mode: set
github.com/practicalgo/code/chap1/listing1/main.go:23.30,25.2 1 1
github.com/practicalgo/code/chap1/listing1/main.go:27.35,28.23 1 1
github.com/practicalgo/code/chap1/listing1/main.go:31.2,31.12 1 1
github.com/practicalgo/code/chap1/listing1/main.go:28.23,30.3 1 1
github.com/practicalgo/code/chap1/listing1/main.go:34.47,38.20 4 1
github.com/practicalgo/code/chap1/listing1/main.go:42.2,42.44 1 1
github.com/practicalgo/code/chap1/listing1/main.go:47.2,48.16 2 1
github.com/practicalgo/code/chap1/listing1/main.go:51.2,53.15 2 1
github.com/practicalgo/code/chap1/listing1/main.go:38.20,40.3 1 1
github.com/practicalgo/code/chap1/listing1/main.go:42.44,45.3 2 1
github.com/practicalgo/code/chap1/listing1/main.go:48.16,50.3 1 1
github.com/practicalgo/code/chap1/listing1/main.go:56.57,61.38 5 1
github.com/practicalgo/code/chap1/listing1/main.go:64.2,65.20 2 1
github.com/practicalgo/code/chap1/listing1/main.go:68.2,68.18 1 1
github.com/practicalgo/code/chap1/listing1/main.go:61.38,63.3 1 0
github.com/practicalgo/code/chap1/listing1/main.go:65.20,67.3 1 1
github.com/practicalgo/code/chap1/listing1/main.go:71.52,73.34 2 1
github.com/practicalgo/code/chap1/listing1/main.go:73.34,75.3 1 1
github.com/practicalgo/code/chap1/listing1/main.go:78.56,79.18 1 1
github.com/practicalgo/code/chap1/listing1/main.go:84.2,85.16 2 1
github.com/practicalgo/code/chap1/listing1/main.go:88.2,89.12 2 1
github.com/practicalgo/code/chap1/listing1/main.go:79.18,82.3 2 1
github.com/practicalgo/code/chap1/listing1/main.go:85.16,87.3 1 1
github.com/practicalgo/code/chap1/listing1/main.go:92.13,94.16 2 0
github.com/practicalgo/code/chap1/listing1/main.go:99.2,100.16 2 0
github.com/practicalgo/code/chap1/listing1/main.go:106.2,107.16 2 0
github.com/practicalgo/code/chap1/listing1/main.go:94.16,98.3 3 0
github.com/practicalgo/code/chap1/listing1/main.go:100.16,104.3 3 0
github.com/practicalgo/code/chap1/listing1/main.go:107.16,110.3 2 0
