mode: set
github.com/practicalgo/code/chap1/listing3/listing3.go:19.49,22.19 3 1
github.com/practicalgo/code/chap1/listing3/listing3.go:25.2,26.12 2 1
github.com/practicalgo/code/chap1/listing3/listing3.go:22.19,24.3 1 0
github.com/practicalgo/code/chap1/listing3/listing3.go:29.57,33.16 4 1
github.com/practicalgo/code/chap1/listing3/listing3.go:37.2,38.38 2 1
github.com/practicalgo/code/chap1/listing3/listing3.go:41.2,42.20 2 1
github.com/practicalgo/code/chap1/listing3/listing3.go:45.2,45.18 1 0
github.com/practicalgo/code/chap1/listing3/listing3.go:33.16,35.3 1 0
github.com/practicalgo/code/chap1/listing3/listing3.go:38.38,40.3 1 0
github.com/practicalgo/code/chap1/listing3/listing3.go:42.20,44.3 1 1
github.com/practicalgo/code/chap1/listing3/listing3.go:48.45,50.34 2 1
github.com/practicalgo/code/chap1/listing3/listing3.go:56.2,56.12 1 1
github.com/practicalgo/code/chap1/listing3/listing3.go:50.34,52.17 2 1
github.com/practicalgo/code/chap1/listing3/listing3.go:52.17,54.4 1 0
github.com/practicalgo/code/chap1/listing3/listing3.go:59.56,61.22 2 1
github.com/practicalgo/code/chap1/listing3/listing3.go:67.2,68.16 2 1
github.com/practicalgo/code/chap1/listing3/listing3.go:71.2,71.12 1 1
github.com/practicalgo/code/chap1/listing3/listing3.go:61.22,63.17 2 1
github.com/practicalgo/code/chap1/listing3/listing3.go:63.17,65.4 1 1
github.com/practicalgo/code/chap1/listing3/listing3.go:68.16,70.3 1 0
github.com/practicalgo/code/chap1/listing3/listing3.go:74.35,75.23 1 1
github.com/practicalgo/code/chap1/listing3/listing3.go:78.2,78.12 1 1
github.com/practicalgo/code/chap1/listing3/listing3.go:75.23,77.3 1 1
github.com/practicalgo/code/chap1/listing3/listing3.go:81.60,85.20 4 1
github.com/practicalgo/code/chap1/listing3/listing3.go:96.2,98.16 3 1
github.com/practicalgo/code/chap1/listing3/listing3.go:102.2,102.19 1 1
github.com/practicalgo/code/chap1/listing3/listing3.go:105.2,105.20 1 1
github.com/practicalgo/code/chap1/listing3/listing3.go:108.2,108.15 1 1
github.com/practicalgo/code/chap1/listing3/listing3.go:85.20,95.3 6 1
github.com/practicalgo/code/chap1/listing3/listing3.go:98.16,100.3 1 1
github.com/practicalgo/code/chap1/listing3/listing3.go:102.19,104.3 1 1
github.com/practicalgo/code/chap1/listing3/listing3.go:105.20,107.3 1 1
github.com/practicalgo/code/chap1/listing3/listing3.go:111.13,113.16 2 0
github.com/practicalgo/code/chap1/listing3/listing3.go:119.2,120.16 2 0
github.com/practicalgo/code/chap1/listing3/listing3.go:124.2,125.16 2 0
github.com/practicalgo/code/chap1/listing3/listing3.go:113.16,114.48 1 0
github.com/practicalgo/code/chap1/listing3/listing3.go:117.3,117.13 1 0
github.com/practicalgo/code/chap1/listing3/listing3.go:114.48,116.4 1 0
github.com/practicalgo/code/chap1/listing3/listing3.go:120.16,123.3 2 0
github.com/practicalgo/code/chap1/listing3/listing3.go:125.16,128.3 2 0
