mode: set
github.com/practicalgo/code/chap1/listing3/listing3.go:21.49,24.19 3 1
github.com/practicalgo/code/chap1/listing3/listing3.go:27.2,28.12 2 1
github.com/practicalgo/code/chap1/listing3/listing3.go:24.19,26.3 1 0
github.com/practicalgo/code/chap1/listing3/listing3.go:31.57,35.16 4 1
github.com/practicalgo/code/chap1/listing3/listing3.go:39.2,40.38 2 1
github.com/practicalgo/code/chap1/listing3/listing3.go:43.2,44.20 2 1
github.com/practicalgo/code/chap1/listing3/listing3.go:47.2,47.18 1 1
github.com/practicalgo/code/chap1/listing3/listing3.go:35.16,37.3 1 0
github.com/practicalgo/code/chap1/listing3/listing3.go:40.38,42.3 1 0
github.com/practicalgo/code/chap1/listing3/listing3.go:44.20,46.3 1 1
github.com/practicalgo/code/chap1/listing3/listing3.go:50.64,54.16 4 1
github.com/practicalgo/code/chap1/listing3/listing3.go:57.2,57.12 1 1
github.com/practicalgo/code/chap1/listing3/listing3.go:54.16,56.3 1 0
github.com/practicalgo/code/chap1/listing3/listing3.go:60.80,62.16 2 1
github.com/practicalgo/code/chap1/listing3/listing3.go:66.2,67.16 2 1
github.com/practicalgo/code/chap1/listing3/listing3.go:71.2,73.16 3 1
github.com/practicalgo/code/chap1/listing3/listing3.go:76.2,76.12 1 1
github.com/practicalgo/code/chap1/listing3/listing3.go:62.16,64.3 1 1
github.com/practicalgo/code/chap1/listing3/listing3.go:67.16,69.3 1 0
github.com/practicalgo/code/chap1/listing3/listing3.go:73.16,75.3 1 0
github.com/practicalgo/code/chap1/listing3/listing3.go:79.35,80.28 1 1
github.com/practicalgo/code/chap1/listing3/listing3.go:83.2,83.12 1 1
github.com/practicalgo/code/chap1/listing3/listing3.go:80.28,82.3 1 1
github.com/practicalgo/code/chap1/listing3/listing3.go:86.63,92.16 6 1
github.com/practicalgo/code/chap1/listing3/listing3.go:95.2,95.20 1 1
github.com/practicalgo/code/chap1/listing3/listing3.go:98.2,98.15 1 1
github.com/practicalgo/code/chap1/listing3/listing3.go:92.16,94.3 1 1
github.com/practicalgo/code/chap1/listing3/listing3.go:95.20,97.3 1 1
github.com/practicalgo/code/chap1/listing3/listing3.go:101.13,103.16 2 0
github.com/practicalgo/code/chap1/listing3/listing3.go:106.2,107.16 2 0
github.com/practicalgo/code/chap1/listing3/listing3.go:112.2,113.16 2 0
github.com/practicalgo/code/chap1/listing3/listing3.go:117.2,119.16 3 0
github.com/practicalgo/code/chap1/listing3/listing3.go:103.16,105.3 1 0
github.com/practicalgo/code/chap1/listing3/listing3.go:107.16,110.3 2 0
github.com/practicalgo/code/chap1/listing3/listing3.go:113.16,116.3 2 0
github.com/practicalgo/code/chap1/listing3/listing3.go:119.16,122.3 2 0
