mode: set
github.com/practicalgo/code/chap1/listing2/listing2.go:21.49,24.19 3 1
github.com/practicalgo/code/chap1/listing2/listing2.go:27.2,28.12 2 1
github.com/practicalgo/code/chap1/listing2/listing2.go:24.19,26.3 1 0
github.com/practicalgo/code/chap1/listing2/listing2.go:31.57,35.16 4 1
github.com/practicalgo/code/chap1/listing2/listing2.go:39.2,40.38 2 1
github.com/practicalgo/code/chap1/listing2/listing2.go:43.2,44.20 2 1
github.com/practicalgo/code/chap1/listing2/listing2.go:47.2,47.18 1 1
github.com/practicalgo/code/chap1/listing2/listing2.go:35.16,37.3 1 0
github.com/practicalgo/code/chap1/listing2/listing2.go:40.38,42.3 1 0
github.com/practicalgo/code/chap1/listing2/listing2.go:44.20,46.3 1 1
github.com/practicalgo/code/chap1/listing2/listing2.go:50.58,52.34 2 1
github.com/practicalgo/code/chap1/listing2/listing2.go:58.2,58.12 1 1
github.com/practicalgo/code/chap1/listing2/listing2.go:52.34,54.17 2 1
github.com/practicalgo/code/chap1/listing2/listing2.go:54.17,56.4 1 0
github.com/practicalgo/code/chap1/listing2/listing2.go:61.56,62.21 1 1
github.com/practicalgo/code/chap1/listing2/listing2.go:65.2,66.16 2 1
github.com/practicalgo/code/chap1/listing2/listing2.go:69.2,70.16 2 1
github.com/practicalgo/code/chap1/listing2/listing2.go:73.2,73.12 1 1
github.com/practicalgo/code/chap1/listing2/listing2.go:62.21,64.3 1 1
github.com/practicalgo/code/chap1/listing2/listing2.go:66.16,68.3 1 1
github.com/practicalgo/code/chap1/listing2/listing2.go:70.16,72.3 1 0
github.com/practicalgo/code/chap1/listing2/listing2.go:76.35,77.21 1 1
github.com/practicalgo/code/chap1/listing2/listing2.go:80.2,80.12 1 1
github.com/practicalgo/code/chap1/listing2/listing2.go:77.21,79.3 1 1
github.com/practicalgo/code/chap1/listing2/listing2.go:83.63,89.16 6 1
github.com/practicalgo/code/chap1/listing2/listing2.go:92.2,92.20 1 1
github.com/practicalgo/code/chap1/listing2/listing2.go:95.2,95.15 1 1
github.com/practicalgo/code/chap1/listing2/listing2.go:89.16,91.3 1 1
github.com/practicalgo/code/chap1/listing2/listing2.go:92.20,94.3 1 1
github.com/practicalgo/code/chap1/listing2/listing2.go:98.13,100.16 2 0
github.com/practicalgo/code/chap1/listing2/listing2.go:103.2,104.16 2 0
github.com/practicalgo/code/chap1/listing2/listing2.go:108.2,109.16 2 0
github.com/practicalgo/code/chap1/listing2/listing2.go:100.16,102.3 1 0
github.com/practicalgo/code/chap1/listing2/listing2.go:104.16,107.3 2 0
github.com/practicalgo/code/chap1/listing2/listing2.go:109.16,112.3 2 0
